2025/10/22 16:06:16 ✅ Connected to Postgres database
[GIN-debug] [WARNING] Creating an Engine instance with the Logger and Recovery middleware already attached.

[GIN-debug] [WARNING] Running in "debug" mode. Switch to "release" mode in production.
 - using env:	export GIN_MODE=release
 - using code:	gin.SetMode(gin.ReleaseMode)

[GIN-debug] GET    /api/v1/health            --> github.com/tri27pham/incident-management-simulator/backend/internal/router.SetupRouter.func2 (4 handlers)
[GIN-debug] GET    /api/v1/ws                --> github.com/tri27pham/incident-management-simulator/backend/internal/handlers.WebSocketHandler (4 handlers)
[GIN-debug] GET    /api/v1/incidents         --> github.com/tri27pham/incident-management-simulator/backend/internal/handlers.GetAllIncidentsHandler (4 handlers)
[GIN-debug] POST   /api/v1/incidents         --> github.com/tri27pham/incident-management-simulator/backend/internal/handlers.CreateIncidentHandler (4 handlers)
[GIN-debug] POST   /api/v1/incidents/generate --> github.com/tri27pham/incident-management-simulator/backend/internal/handlers.GenerateRandomIncidentHandler (4 handlers)
[GIN-debug] GET    /api/v1/incidents/:id     --> github.com/tri27pham/incident-management-simulator/backend/internal/handlers.GetIncidentByIDHandler (4 handlers)
[GIN-debug] PATCH  /api/v1/incidents/:id     --> github.com/tri27pham/incident-management-simulator/backend/internal/handlers.UpdateIncidentHandler (4 handlers)
[GIN-debug] POST   /api/v1/incidents/:id/diagnose --> github.com/tri27pham/incident-management-simulator/backend/internal/handlers.TriggerAIDiagnosisHandler (4 handlers)
[GIN-debug] POST   /api/v1/incidents/:id/suggest-fix --> github.com/tri27pham/incident-management-simulator/backend/internal/handlers.TriggerAISuggestedFixHandler (4 handlers)
2025/10/22 16:06:16 🚀 Backend running on http://localhost:8080
[GIN-debug] [WARNING] You trusted all proxies, this is NOT safe. We recommend you to set a value.
Please check https://github.com/gin-gonic/gin/blob/master/docs/doc.md#dont-trust-all-proxies for details.
[GIN-debug] Listening and serving HTTP on :8080
[GIN] 2025/10/22 - 16:06:34 | 200 |         674µs |             ::1 | GET      "/api/v1/health"
2025/10/22 16:06:46 Broadcasted new incident 4df1420f-dd14-4064-8eca-9aff6702a27c
2025/10/22 16:06:46 Starting analysis pipeline for incident 4df1420f-dd14-4064-8eca-9aff6702a27c
[GIN] 2025/10/22 - 16:06:46 | 201 |     6.227585s |             ::1 | POST     "/api/v1/incidents/generate"
2025/10/22 16:06:50 Broadcasted diagnosis update for incident 4df1420f-dd14-4064-8eca-9aff6702a27c
2025/10/22 16:06:50 Finished diagnosis pipeline for incident 4df1420f-dd14-4064-8eca-9aff6702a27c (solution can be triggered manually)
[GIN] 2025/10/22 - 16:07:11 | 500 | 14.755115208s |             ::1 | POST     "/api/v1/incidents/generate"
signal: terminated
